Compiling the C compiler identification source file "CMakeCCompilerId.c" failed.
Compiler: C:/mingw-w64/mingw64/bin/gcc.exe 
Build flags: 
Id flags:  

The output was:
1
cc1.exe: fatal error: CMakeCCompilerId.c: No such file or directory
compilation terminated.


Detecting C compiler ABI info failed to compile with the following output:
Change Dir: D:/Programming vol.3/Github/C++/Text-Editor-Project/cmake-build-debug/CMakeFiles/CMakeTmp

Run Build Command(s):C:/Program Files/JetBrains/CLion 2021.3/bin/ninja/win/ninja.exe cmTC_5f0c2 && ninja: error: unknown target 'cmTC_5f0c2'




Detecting C compiler ABI info failed to compile with the following output:
Change Dir: D:/Programming vol.3/Github/C++/Text-Editor-Project/cmake-build-debug/CMakeFiles/CMakeTmp

Run Build Command(s):C:/Program Files/JetBrains/CLion 2021.3/bin/ninja/win/ninja.exe cmTC_f3908 && ninja: error: loading 'build.ninja': The system cannot find the file specified.





Determining if the C compiler works failed with the following output:
Change Dir: D:/Programming vol.3/Github/C++/Text-Editor-Project/cmake-build-debug/CMakeFiles/CMakeTmp

Run Build Command(s):C:/Program Files/JetBrains/CLion 2021.3/bin/ninja/win/ninja.exe cmTC_f5b20 && ninja: error: loading 'build.ninja': The system cannot find the file specified.




Determining if the C compiler works failed with the following output:
Change Dir: D:/Programming vol.3/Github/C++/Text-Editor-Project/cmake-build-debug/CMakeFiles/CMakeTmp

Run Build Command(s):C:/Program Files/JetBrains/CLion 2021.3/bin/ninja/win/ninja.exe cmTC_21f7b && ninja: error: unknown target 'cmTC_21f7b'



